<?xml version="1.0" encoding="UTF-8"?>
<testng-results ignored="0" total="3" passed="2" failed="1" skipped="0">
  <reporter-output>
  </reporter-output>
  <suite started-at="2025-05-09T12:55:04 IST" name="Suite" finished-at="2025-05-09T12:55:24 IST" duration-ms="20245">
    <groups>
      <group name="Regression">
        <method signature="AddLowestPriceProductToCartTest.tc_02_AddLowestProductTocartTest()[pri:0, instance:inventoryTests.AddLowestPriceProductToCartTest@5b218417]" name="tc_02_AddLowestProductTocartTest" class="inventoryTests.AddLowestPriceProductToCartTest"/>
        <method signature="AddProductToCartTest.sampleTest()[pri:0, instance:inventoryTests.AddProductToCartTest@48075da3]" name="sampleTest" class="inventoryTests.AddProductToCartTest"/>
        <method signature="AddProductToCartTest.tc_01_AddProductTocartTest()[pri:0, instance:inventoryTests.AddProductToCartTest@48075da3]" name="tc_01_AddProductTocartTest" class="inventoryTests.AddProductToCartTest"/>
      </group> <!-- Regression -->
      <group name="smokeSuite">
        <method signature="AddProductToCartTest.sampleTest()[pri:0, instance:inventoryTests.AddProductToCartTest@48075da3]" name="sampleTest" class="inventoryTests.AddProductToCartTest"/>
        <method signature="AddProductToCartTest.tc_01_AddProductTocartTest()[pri:0, instance:inventoryTests.AddProductToCartTest@48075da3]" name="tc_01_AddProductTocartTest" class="inventoryTests.AddProductToCartTest"/>
      </group> <!-- smokeSuite -->
    </groups>
    <test started-at="2025-05-09T12:55:04 IST" name="Test" finished-at="2025-05-09T12:55:24 IST" duration-ms="20245">
      <class name="inventoryTests.AddProductToCartTest">
        <test-method is-config="true" signature="bsConfig()[pri:0, instance:inventoryTests.AddProductToCartTest@48075da3]" started-at="2025-05-09T12:55:04 IST" name="bsConfig" finished-at="2025-05-09T12:55:04 IST" duration-ms="32" status="PASS">
          <reporter-output>
          </reporter-output>
        </test-method> <!-- bsConfig -->
        <test-method is-config="true" signature="bcConfig()[pri:0, instance:inventoryTests.AddProductToCartTest@48075da3]" started-at="2025-05-09T12:55:04 IST" name="bcConfig" finished-at="2025-05-09T12:55:08 IST" duration-ms="3498" status="PASS">
          <reporter-output>
          </reporter-output>
        </test-method> <!-- bcConfig -->
        <test-method is-config="true" signature="bmConfig()[pri:0, instance:inventoryTests.AddProductToCartTest@48075da3]" started-at="2025-05-09T12:55:08 IST" name="bmConfig" finished-at="2025-05-09T12:55:09 IST" duration-ms="741" status="PASS">
          <reporter-output>
          </reporter-output>
        </test-method> <!-- bmConfig -->
        <test-method signature="sampleTest()[pri:0, instance:inventoryTests.AddProductToCartTest@48075da3]" started-at="2025-05-09T12:55:09 IST" name="sampleTest" finished-at="2025-05-09T12:55:09 IST" duration-ms="35" status="FAIL">
          <exception class="java.lang.AssertionError">
            <message>
              <![CDATA[null]]>
            </message>
            <full-stacktrace>
              <![CDATA[java.lang.AssertionError: null
at org.testng.Assert.fail(Assert.java:111)
at org.testng.Assert.fail(Assert.java:116)
at inventoryTests.AddProductToCartTest.sampleTest(AddProductToCartTest.java:67)
at java.base/jdk.internal.reflect.NativeMethodAccessorImpl.invoke0(Native Method)
at java.base/jdk.internal.reflect.NativeMethodAccessorImpl.invoke(NativeMethodAccessorImpl.java:77)
at java.base/jdk.internal.reflect.DelegatingMethodAccessorImpl.invoke(DelegatingMethodAccessorImpl.java:43)
at java.base/java.lang.reflect.Method.invoke(Method.java:568)
at org.testng.internal.invokers.MethodInvocationHelper.invokeMethod(MethodInvocationHelper.java:141)
at org.testng.internal.invokers.TestInvoker.invokeMethod(TestInvoker.java:687)
at org.testng.internal.invokers.TestInvoker.invokeTestMethod(TestInvoker.java:230)
at org.testng.internal.invokers.MethodRunner.runInSequence(MethodRunner.java:63)
at org.testng.internal.invokers.TestInvoker$MethodInvocationAgent.invoke(TestInvoker.java:995)
at org.testng.internal.invokers.TestInvoker.invokeTestMethods(TestInvoker.java:203)
at org.testng.internal.invokers.TestMethodWorker.invokeTestMethods(TestMethodWorker.java:154)
at org.testng.internal.invokers.TestMethodWorker.run(TestMethodWorker.java:134)
at java.base/java.util.ArrayList.forEach(ArrayList.java:1511)
at org.testng.TestRunner.privateRun(TestRunner.java:741)
at org.testng.TestRunner.run(TestRunner.java:616)
at org.testng.SuiteRunner.runTest(SuiteRunner.java:421)
at org.testng.SuiteRunner.runSequentially(SuiteRunner.java:413)
at org.testng.SuiteRunner.privateRun(SuiteRunner.java:373)
at org.testng.SuiteRunner.run(SuiteRunner.java:312)
at org.testng.SuiteRunnerWorker.runSuite(SuiteRunnerWorker.java:52)
at org.testng.SuiteRunnerWorker.run(SuiteRunnerWorker.java:95)
at org.testng.TestNG.runSuitesSequentially(TestNG.java:1274)
at org.testng.TestNG.runSuitesLocally(TestNG.java:1208)
at org.testng.TestNG.runSuites(TestNG.java:1112)
at org.testng.TestNG.run(TestNG.java:1079)
at org.testng.remote.AbstractRemoteTestNG.run(AbstractRemoteTestNG.java:115)
at org.testng.remote.RemoteTestNG.initAndRun(RemoteTestNG.java:293)
at org.testng.remote.RemoteTestNG.main(RemoteTestNG.java:91)
]]>
            </full-stacktrace>
          </exception> <!-- java.lang.AssertionError -->
          <reporter-output>
          </reporter-output>
        </test-method> <!-- sampleTest -->
        <test-method is-config="true" signature="amConfig()[pri:0, instance:inventoryTests.AddProductToCartTest@48075da3]" started-at="2025-05-09T12:55:09 IST" name="amConfig" finished-at="2025-05-09T12:55:09 IST" duration-ms="314" status="PASS">
          <reporter-output>
          </reporter-output>
        </test-method> <!-- amConfig -->
        <test-method is-config="true" signature="bmConfig()[pri:0, instance:inventoryTests.AddProductToCartTest@48075da3]" started-at="2025-05-09T12:55:09 IST" name="bmConfig" finished-at="2025-05-09T12:55:10 IST" duration-ms="456" status="PASS">
          <reporter-output>
          </reporter-output>
        </test-method> <!-- bmConfig -->
        <test-method signature="tc_01_AddProductTocartTest()[pri:0, instance:inventoryTests.AddProductToCartTest@48075da3]" started-at="2025-05-09T12:55:10 IST" name="tc_01_AddProductTocartTest" finished-at="2025-05-09T12:55:14 IST" duration-ms="3838" status="PASS">
          <reporter-output>
          </reporter-output>
        </test-method> <!-- tc_01_AddProductTocartTest -->
        <test-method is-config="true" signature="amConfig()[pri:0, instance:inventoryTests.AddProductToCartTest@48075da3]" started-at="2025-05-09T12:55:14 IST" name="amConfig" finished-at="2025-05-09T12:55:14 IST" duration-ms="263" status="PASS">
          <reporter-output>
          </reporter-output>
        </test-method> <!-- amConfig -->
        <test-method is-config="true" signature="acConfig()[pri:0, instance:inventoryTests.AddProductToCartTest@48075da3]" started-at="2025-05-09T12:55:14 IST" name="acConfig" finished-at="2025-05-09T12:55:15 IST" duration-ms="855" status="PASS">
          <reporter-output>
          </reporter-output>
        </test-method> <!-- acConfig -->
        <test-method is-config="true" signature="asConfig()[pri:0, instance:inventoryTests.AddProductToCartTest@48075da3]" started-at="2025-05-09T12:55:25 IST" name="asConfig" finished-at="2025-05-09T12:55:25 IST" duration-ms="2" status="PASS">
          <reporter-output>
          </reporter-output>
        </test-method> <!-- asConfig -->
      </class> <!-- inventoryTests.AddProductToCartTest -->
      <class name="inventoryTests.AddLowestPriceProductToCartTest">
        <test-method is-config="true" signature="bcConfig()[pri:0, instance:inventoryTests.AddLowestPriceProductToCartTest@5b218417]" started-at="2025-05-09T12:55:15 IST" name="bcConfig" finished-at="2025-05-09T12:55:17 IST" duration-ms="2550" status="PASS">
          <reporter-output>
          </reporter-output>
        </test-method> <!-- bcConfig -->
        <test-method is-config="true" signature="bmConfig()[pri:0, instance:inventoryTests.AddLowestPriceProductToCartTest@5b218417]" started-at="2025-05-09T12:55:17 IST" name="bmConfig" finished-at="2025-05-09T12:55:19 IST" duration-ms="1652" status="PASS">
          <reporter-output>
          </reporter-output>
        </test-method> <!-- bmConfig -->
        <test-method signature="tc_02_AddLowestProductTocartTest()[pri:0, instance:inventoryTests.AddLowestPriceProductToCartTest@5b218417]" started-at="2025-05-09T12:55:19 IST" name="tc_02_AddLowestProductTocartTest" finished-at="2025-05-09T12:55:22 IST" duration-ms="2920" status="PASS">
          <reporter-output>
          </reporter-output>
        </test-method> <!-- tc_02_AddLowestProductTocartTest -->
        <test-method is-config="true" signature="amConfig()[pri:0, instance:inventoryTests.AddLowestPriceProductToCartTest@5b218417]" started-at="2025-05-09T12:55:22 IST" name="amConfig" finished-at="2025-05-09T12:55:22 IST" duration-ms="255" status="PASS">
          <reporter-output>
          </reporter-output>
        </test-method> <!-- amConfig -->
        <test-method is-config="true" signature="acConfig()[pri:0, instance:inventoryTests.AddLowestPriceProductToCartTest@5b218417]" started-at="2025-05-09T12:55:22 IST" name="acConfig" finished-at="2025-05-09T12:55:24 IST" duration-ms="1685" status="PASS">
          <reporter-output>
          </reporter-output>
        </test-method> <!-- acConfig -->
      </class> <!-- inventoryTests.AddLowestPriceProductToCartTest -->
    </test> <!-- Test -->
  </suite> <!-- Suite -->
</testng-results>
